#
# A fatal error has been detected by the Java Runtime Environment:
#
#  EXCEPTION_ACCESS_VIOLATION (0xc0000005) at pc=0x00007ff98a3ad5f5, pid=16144, tid=16784
#
# JRE version: Java(TM) SE Runtime Environment (12.0.2+10) (build 12.0.2+10)
# Java VM: Java HotSpot(TM) 64-Bit Server VM (12.0.2+10, mixed mode, sharing, tiered, compressed oops, g1 gc, windows-amd64)
# Problematic frame:
# V  [jvm.dll+0x5ed5f5]
#
# No core dump will be written. Minidumps are not enabled by default on client versions of Windows
#
# If you would like to submit a bug report, please visit:
#   http://bugreport.java.com/bugreport/crash.jsp
#

---------------  S U M M A R Y ------------

Command Line: -Dfile.encoding=UTF-8 -agentpath:C:/Program Files/NetBeans-11.1/netbeans/profiler/lib/deployed/jdk16/windows-amd64/profilerinterface.dll=C:\Program Files\NetBeans-11.1\netbeans\profiler\lib,5140,10 -XX:+HeapDumpOnOutOfMemoryError -XX:HeapDumpPath=C:\Users\PC\Desktop\proyecto\Pinkberry\nbproject\private\profiler consultas.MenuConsultas

Host: Intel(R) Core(TM) i7-9700K CPU @ 3.60GHz, 8 cores, 31G,  Windows 10 , 64 bit Build 18362 (10.0.18362.329)
Time: Sat Dec  7 00:09:43 2019 Hora est. Pacífico, Sudamérica elapsed time: 1 seconds (0d 0h 0m 1s)

---------------  T H R E A D  ---------------

Current thread (0x00000211373b0000):  JavaThread "*** Profiler Agent Communication Thread" daemon [_thread_in_vm, id=16784, stack(0x000000cab0600000,0x000000cab0700000)]

Stack: [0x000000cab0600000,0x000000cab0700000],  sp=0x000000cab06fef60,  free space=1019k
Native frames: (J=compiled Java code, j=interpreted, Vv=VM code, C=native code)
V  [jvm.dll+0x5ed5f5]
V  [jvm.dll+0x4b52c4]
C  [profilerinterface.dll+0x34da]

Java frames: (J=compiled Java code, j=interpreted, Vv=VM code)
j  org.netbeans.lib.profiler.server.system.Stacks.getMethodNamesForJMethodIds(I[I[I)[B+0
j  org.netbeans.lib.profiler.server.ProfilerInterface.getMethodNamesForJMethodIds([I)Lorg/netbeans/lib/profiler/wireprotocol/MethodNamesResponse;+20
j  org.netbeans.lib.profiler.server.ProfilerServer.handleClientCommand(Lorg/netbeans/lib/profiler/wireprotocol/Command;)V+691
j  org.netbeans.lib.profiler.server.ProfilerServer.listenToClient()V+48
j  org.netbeans.lib.profiler.server.ProfilerServer.run()V+22
v  ~StubRoutines::call_stub

siginfo: EXCEPTION_ACCESS_VIOLATION (0xc0000005), reading address 0x0000000037e63378


Register to memory mapping:

RIP=0x00007ff98a3ad5f5 jvm.dll
RAX=0x000000cab06fef01 is pointing into the stack for thread: 0x00000211373b0000
RBX=0x00000211373b0000 is a thread
RCX=0x0000000037e63378 is an unknown value
RDX=0x00000211373b0000 is a thread
RSP=0x000000cab06fef60 is pointing into the stack for thread: 0x00000211373b0000
RBP=0x0000000037e63378 is an unknown value
RSI=0x000000cab06ff080 is pointing into the stack for thread: 0x00000211373b0000
RDI=0x0000021109640800 points into unknown readable memory: d0 34 7e 8a f9 7f 00 00
R8 =0x000000cab06ff080 is pointing into the stack for thread: 0x00000211373b0000
R9 =0x0000000000000001 is an unknown value
R10=0x0 is NULL
R11=0x000000cab06fef58 is pointing into the stack for thread: 0x00000211373b0000
R12=0x0000021139660360 points into unknown readable memory: 78 33 e6 37 70 08 d8 39
R13=0x00000000000000e8 is an unknown value
R14=0x00007ff9e0ab9c68 profilerinterface.dll
R15=0x00007ff9e0ab9a60 profilerinterface.dll


Registers:
RAX=0x000000cab06fef01, RBX=0x00000211373b0000, RCX=0x0000000037e63378, RDX=0x00000211373b0000
RSP=0x000000cab06fef60, RBP=0x0000000037e63378, RSI=0x000000cab06ff080, RDI=0x0000021109640800
R8 =0x000000cab06ff080, R9 =0x0000000000000001, R10=0x0000000000000000, R11=0x000000cab06fef58
R12=0x0000021139660360, R13=0x00000000000000e8, R14=0x00007ff9e0ab9c68, R15=0x00007ff9e0ab9a60
RIP=0x00007ff98a3ad5f5, EFLAGS=0x0000000000010206

Top of Stack: (sp=0x000000cab06fef60)
0x000000cab06fef60:   00000211373b0000 00007ff98a1a76a3
0x000000cab06fef70:   00000211373b0000 000000cab06ff640
0x000000cab06fef80:   00000211373b0000 00007ff98a2752c4
0x000000cab06fef90:   00000000000000e8 00000211373b0000
0x000000cab06fefa0:   00000211373b0330 00007ff9f4499da0
0x000000cab06fefb0:   00000211373b0000 0000000000000000
0x000000cab06fefc0:   0000000000000000 0000000000000000
0x000000cab06fefd0:   0000000037e63378 00007ff9e0ab34da
0x000000cab06fefe0:   0000000000000000 00000211373b0330
0x000000cab06feff0:   0000000000200021 000000cab06ff130
0x000000cab06ff000:   0000021139660360 00007ff98a157843
0x000000cab06ff010:   000000cab06ff640 0000000000200021
0x000000cab06ff020:   0000000000200021 0000021111aa651a
0x000000cab06ff030:   0000021136bd99d8 00000211373b0000
0x000000cab06ff040:   00000211373b0000 0000021136bd99d8
0x000000cab06ff050:   0000000000000000 0000021111a59950 

Instructions: (pc=0x00007ff98a3ad5f5)
0x00007ff98a3ad4f5:   54 24 20 45 33 c0 48 8b 05 9e f7 43 00 48 83 c2
0x00007ff98a3ad505:   18 48 8b cf ff d0 48 85 c0 74 20 48 8b 44 24 20
0x00007ff98a3ad515:   48 8b d7 48 8b 48 08 48 8b 41 08 48 8b 48 18 48
0x00007ff98a3ad525:   8b 89 98 00 00 00 e8 50 f7 ff ff 80 3d 51 9a 4a
0x00007ff98a3ad535:   00 00 74 18 48 8b 4c 24 20 48 8b d3 e8 4a 2a 00
0x00007ff98a3ad545:   00 48 83 7b 08 00 74 04 33 db eb 09 48 8b 44 24
0x00007ff98a3ad555:   20 48 8b 58 18 48 8d 4c 24 20 e8 1c 4f d7 ff 48
0x00007ff98a3ad565:   8b 7c 24 40 48 8b c3 48 83 c4 30 5b c3 cc cc cc
0x00007ff98a3ad575:   cc cc cc cc cc cc cc cc cc cc cc 48 8b 51 08 4c
0x00007ff98a3ad585:   8b c1 48 8b 42 08 0f b6 52 24 c0 ea 06 48 8b 48
0x00007ff98a3ad595:   18 8b 81 a4 00 00 00 f6 c2 01 75 27 48 85 c9 74
0x00007ff98a3ad5a5:   14 8b c8 c1 e9 09 f6 c1 01 74 0a 41 f7 40 20 02
0x00007ff98a3ad5b5:   04 00 00 74 0e 41 8b 48 20 0b c8 f6 c1 10 74 03
0x00007ff98a3ad5c5:   b0 01 c3 41 83 78 24 fe 0f 94 c0 c3 cc cc cc cc
0x00007ff98a3ad5d5:   cc cc cc cc cc cc cc cc cc cc cc 48 83 ec 28 48
0x00007ff98a3ad5e5:   85 c9 75 07 33 c0 48 83 c4 28 c3 48 89 5c 24 20
0x00007ff98a3ad5f5:   48 8b 19 48 85 db 74 20 48 83 fb 37 74 1a 48 8b
0x00007ff98a3ad605:   13 48 8b cb ff 52 10 84 c0 74 0d 48 8b c3 48 8b
0x00007ff98a3ad615:   5c 24 20 48 83 c4 28 c3 33 c0 48 8b 5c 24 20 48
0x00007ff98a3ad625:   83 c4 28 c3 cc cc cc cc cc cc cc 40 53 55 41 56
0x00007ff98a3ad635:   41 57 48 83 ec 28 48 8b 41 08 33 ed 4c 8b f1 48
0x00007ff98a3ad645:   8b 50 08 4c 8b 7a 18 49 8b 9f 78 01 00 00 48 85
0x00007ff98a3ad655:   db 0f 84 d5 00 00 00 8b 15 a2 28 4f 00 65 48 8b
0x00007ff98a3ad665:   04 25 58 00 00 00 48 89 74 24 50 4c 89 64 24 60
0x00007ff98a3ad675:   4c 89 6c 24 20 41 bd ff ff 00 00 4c 8d 24 d0 41
0x00007ff98a3ad685:   b8 08 00 00 00 48 89 7c 24 58 90 49 8b 56 08 48
0x00007ff98a3ad695:   8b 73 10 0f b7 42 2a 66 39 43 08 75 6c 0f b7 42
0x00007ff98a3ad6a5:   2c 66 39 43 0a 75 62 48 63 4b 04 0f b6 03 88 44
0x00007ff98a3ad6b5:   11 38 49 8b 04 24 41 8b c8 48 8b 3c 01 49 8b ce
0x00007ff98a3ad6c5:   48 8b d7 e8 63 3e bd ff 48 83 7f 08 00 75 0a 48
0x00007ff98a3ad6d5:   85 c0 74 05 66 44 01 68 16 48 85 ed 74 14 48 8b
0x00007ff98a3ad6e5:   cb 48 89 75 10 e8 91 f2 ac ff 41 b8 08 00 00 00 


Stack slot to memory mapping:
stack at sp + 0 slots: 0x00000211373b0000 is a thread
stack at sp + 1 slots: 0x00007ff98a1a76a3 jvm.dll
stack at sp + 2 slots: 0x00000211373b0000 is a thread
stack at sp + 3 slots: 0x000000cab06ff640 is pointing into the stack for thread: 0x00000211373b0000
stack at sp + 4 slots: 0x00000211373b0000 is a thread
stack at sp + 5 slots: 0x00007ff98a2752c4 jvm.dll
stack at sp + 6 slots: 0x00000000000000e8 is an unknown value
stack at sp + 7 slots: 0x00000211373b0000 is a thread


---------------  P R O C E S S  ---------------

Threads class SMR info:
_java_thread_list=0x000002113a61bfe0, length=19, elements={
0x000002113688d800, 0x000002113688f800, 0x00000211371c6000, 0x00000211371c7000,
0x00000211371c9800, 0x00000211371cd800, 0x00000211371cf000, 0x000002113736b000,
0x00000211373b0000, 0x00000211373fc000, 0x00000211373fd000, 0x0000021137e86800,
0x0000021137e87800, 0x00000211380dc800, 0x00000211380be800, 0x00000211380bf800,
0x0000021139e03800, 0x0000021109649000, 0x000002113816d800
}

Java Threads: ( => current thread )
  0x000002113688d800 JavaThread "Reference Handler" daemon [_thread_blocked, id=3468, stack(0x000000caafe00000,0x000000caaff00000)]
  0x000002113688f800 JavaThread "Finalizer" daemon [_thread_blocked, id=18124, stack(0x000000caaff00000,0x000000cab0000000)]
  0x00000211371c6000 JavaThread "Signal Dispatcher" daemon [_thread_blocked, id=4476, stack(0x000000cab0000000,0x000000cab0100000)]
  0x00000211371c7000 JavaThread "Attach Listener" daemon [_thread_blocked, id=17148, stack(0x000000cab0100000,0x000000cab0200000)]
  0x00000211371c9800 JavaThread "C2 CompilerThread0" daemon [_thread_blocked, id=1132, stack(0x000000cab0200000,0x000000cab0300000)]
  0x00000211371cd800 JavaThread "C1 CompilerThread0" daemon [_thread_blocked, id=15204, stack(0x000000cab0300000,0x000000cab0400000)]
  0x00000211371cf000 JavaThread "Sweeper thread" daemon [_thread_blocked, id=9324, stack(0x000000cab0400000,0x000000cab0500000)]
  0x000002113736b000 JavaThread "Common-Cleaner" daemon [_thread_blocked, id=17504, stack(0x000000cab0500000,0x000000cab0600000)]
=>0x00000211373b0000 JavaThread "*** Profiler Agent Communication Thread" daemon [_thread_in_vm, id=16784, stack(0x000000cab0600000,0x000000cab0700000)]
  0x00000211373fc000 JavaThread "*** JFluid Monitor thread ***" daemon [_thread_blocked, id=11252, stack(0x000000cab0700000,0x000000cab0800000)]
  0x00000211373fd000 JavaThread "*** Profiler Agent Special Execution Thread 6" daemon [_thread_blocked, id=11272, stack(0x000000cab0800000,0x000000cab0900000)]
  0x0000021137e86800 JavaThread "*** Profiler Agent Special Execution Thread 10" daemon [_thread_blocked, id=17944, stack(0x000000cab0a00000,0x000000cab0b00000)]
  0x0000021137e87800 JavaThread "Service Thread" daemon [_thread_blocked, id=4104, stack(0x000000cab0900000,0x000000cab0a00000)]
  0x00000211380dc800 JavaThread "Java2D Disposer" daemon [_thread_blocked, id=10948, stack(0x000000cab0c00000,0x000000cab0d00000)]
  0x00000211380be800 JavaThread "AWT-Shutdown" [_thread_blocked, id=5380, stack(0x000000cab0d00000,0x000000cab0e00000)]
  0x00000211380bf800 JavaThread "AWT-Windows" daemon [_thread_in_native, id=15888, stack(0x000000cab0e00000,0x000000cab0f00000)]
  0x0000021139e03800 JavaThread "AWT-EventQueue-0" [_thread_blocked, id=15716, stack(0x000000cab0f00000,0x000000cab1000000)]
  0x0000021109649000 JavaThread "DestroyJavaVM" [_thread_blocked, id=10356, stack(0x000000caaf700000,0x000000caaf800000)]
  0x000002113816d800 JavaThread "Image Fetcher 0" daemon [_thread_blocked, id=15572, stack(0x000000cab1200000,0x000000cab1300000)]

Other Threads:
  0x0000021136887000 VMThread "VM Thread" [stack: 0x000000caafd00000,0x000000caafe00000] [id=7440]
  0x0000021137e88000 WatcherThread [stack: 0x000000cab0b00000,0x000000cab0c00000] [id=7336]
  0x00000211096cc000 GCTaskThread "GC Thread#0" [stack: 0x000000caaf800000,0x000000caaf900000] [id=5304]
  0x00000211096e6000 ConcurrentGCThread "G1 Main Marker" [stack: 0x000000caaf900000,0x000000caafa00000] [id=16596]
  0x00000211096e8000 ConcurrentGCThread "G1 Conc#0" [stack: 0x000000caafa00000,0x000000caafb00000] [id=11832]
  0x0000021136821000 ConcurrentGCThread "G1 Refine#0" [stack: 0x000000caafb00000,0x000000caafc00000] [id=8380]
  0x0000021136822000 ConcurrentGCThread "G1 Young RemSet Sampling" [stack: 0x000000caafc00000,0x000000caafd00000] [id=12976]

Threads with active compile tasks:

VM state:synchronizing (normal execution)

VM Mutex/Monitor currently owned by a thread:  ([mutex/lock_event])
[0x0000021109646020] Threads_lock - owner thread: 0x0000021136887000

Heap address: 0x0000000601000000, size: 8176 MB, Compressed Oops mode: Zero based, Oop shift amount: 3
Narrow klass base: 0x0000000800000000, Narrow klass shift: 3
Compressed class space size: 1073741824 Address: 0x0000000801190000

Heap:
 garbage-first heap   total 524288K, used 14336K [0x0000000601000000, 0x0000000800000000)
  region size 2048K, 7 young (14336K), 0 survivors (0K)
 Metaspace       used 11250K, capacity 11681K, committed 11776K, reserved 1058816K
  class space    used 1316K, capacity 1500K, committed 1536K, reserved 1048576K
Heap Regions: E=young(eden), S=young(survivor), O=old, HS=humongous(starts), HC=humongous(continues), CS=collection set, F=free, A=archive, TAMS=top-at-mark-start (previous, next)
|   0|0x0000000601000000, 0x0000000601200000, 0x0000000601200000|100%|HS|  |TAMS 0x0000000601000000, 0x0000000601000000| Complete 
|   1|0x0000000601200000, 0x0000000601200000, 0x0000000601400000|  0%| F|  |TAMS 0x0000000601200000, 0x0000000601200000| Untracked 
|   2|0x0000000601400000, 0x0000000601400000, 0x0000000601600000|  0%| F|  |TAMS 0x0000000601400000, 0x0000000601400000| Untracked 
|   3|0x0000000601600000, 0x0000000601600000, 0x0000000601800000|  0%| F|  |TAMS 0x0000000601600000, 0x0000000601600000| Untracked 
|   4|0x0000000601800000, 0x0000000601800000, 0x0000000601a00000|  0%| F|  |TAMS 0x0000000601800000, 0x0000000601800000| Untracked 
|   5|0x0000000601a00000, 0x0000000601a00000, 0x0000000601c00000|  0%| F|  |TAMS 0x0000000601a00000, 0x0000000601a00000| Untracked 
|   6|0x0000000601c00000, 0x0000000601c00000, 0x0000000601e00000|  0%| F|  |TAMS 0x0000000601c00000, 0x0000000601c00000| Untracked 
|   7|0x0000000601e00000, 0x0000000601e00000, 0x0000000602000000|  0%| F|  |TAMS 0x0000000601e00000, 0x0000000601e00000| Untracked 
|   8|0x0000000602000000, 0x0000000602000000, 0x0000000602200000|  0%| F|  |TAMS 0x0000000602000000, 0x0000000602000000| Untracked 
|   9|0x0000000602200000, 0x0000000602200000, 0x0000000602400000|  0%| F|  |TAMS 0x0000000602200000, 0x0000000602200000| Untracked 
|  10|0x0000000602400000, 0x0000000602400000, 0x0000000602600000|  0%| F|  |TAMS 0x0000000602400000, 0x0000000602400000| Untracked 
|  11|0x0000000602600000, 0x0000000602600000, 0x0000000602800000|  0%| F|  |TAMS 0x0000000602600000, 0x0000000602600000| Untracked 
|  12|0x0000000602800000, 0x0000000602800000, 0x0000000602a00000|  0%| F|  |TAMS 0x0000000602800000, 0x0000000602800000| Untracked 
|  13|0x0000000602a00000, 0x0000000602a00000, 0x0000000602c00000|  0%| F|  |TAMS 0x0000000602a00000, 0x0000000602a00000| Untracked 
|  14|0x0000000602c00000, 0x0000000602c00000, 0x0000000602e00000|  0%| F|  |TAMS 0x0000000602c00000, 0x0000000602c00000| Untracked 
|  15|0x0000000602e00000, 0x0000000602e00000, 0x0000000603000000|  0%| F|  |TAMS 0x0000000602e00000, 0x0000000602e00000| Untracked 
|  16|0x0000000603000000, 0x0000000603000000, 0x0000000603200000|  0%| F|  |TAMS 0x0000000603000000, 0x0000000603000000| Untracked 
|  17|0x0000000603200000, 0x0000000603200000, 0x0000000603400000|  0%| F|  |TAMS 0x0000000603200000, 0x0000000603200000| Untracked 
|  18|0x0000000603400000, 0x0000000603400000, 0x0000000603600000|  0%| F|  |TAMS 0x0000000603400000, 0x0000000603400000| Untracked 
|  19|0x0000000603600000, 0x0000000603600000, 0x0000000603800000|  0%| F|  |TAMS 0x0000000603600000, 0x0000000603600000| Untracked 
|  20|0x0000000603800000, 0x0000000603800000, 0x0000000603a00000|  0%| F|  |TAMS 0x0000000603800000, 0x0000000603800000| Untracked 
|  21|0x0000000603a00000, 0x0000000603a00000, 0x0000000603c00000|  0%| F|  |TAMS 0x0000000603a00000, 0x0000000603a00000| Untracked 
|  22|0x0000000603c00000, 0x0000000603c00000, 0x0000000603e00000|  0%| F|  |TAMS 0x0000000603c00000, 0x0000000603c00000| Untracked 
|  23|0x0000000603e00000, 0x0000000603e00000, 0x0000000604000000|  0%| F|  |TAMS 0x0000000603e00000, 0x0000000603e00000| Untracked 
|  24|0x0000000604000000, 0x0000000604000000, 0x0000000604200000|  0%| F|  |TAMS 0x0000000604000000, 0x0000000604000000| Untracked 
|  25|0x0000000604200000, 0x0000000604200000, 0x0000000604400000|  0%| F|  |TAMS 0x0000000604200000, 0x0000000604200000| Untracked 
|  26|0x0000000604400000, 0x0000000604400000, 0x0000000604600000|  0%| F|  |TAMS 0x0000000604400000, 0x0000000604400000| Untracked 
|  27|0x0000000604600000, 0x0000000604600000, 0x0000000604800000|  0%| F|  |TAMS 0x0000000604600000, 0x0000000604600000| Untracked 
|  28|0x0000000604800000, 0x0000000604800000, 0x0000000604a00000|  0%| F|  |TAMS 0x0000000604800000, 0x0000000604800000| Untracked 
|  29|0x0000000604a00000, 0x0000000604a00000, 0x0000000604c00000|  0%| F|  |TAMS 0x0000000604a00000, 0x0000000604a00000| Untracked 
|  30|0x0000000604c00000, 0x0000000604c00000, 0x0000000604e00000|  0%| F|  |TAMS 0x0000000604c00000, 0x0000000604c00000| Untracked 
|  31|0x0000000604e00000, 0x0000000604e00000, 0x0000000605000000|  0%| F|  |TAMS 0x0000000604e00000, 0x0000000604e00000| Untracked 
|  32|0x0000000605000000, 0x0000000605000000, 0x0000000605200000|  0%| F|  |TAMS 0x0000000605000000, 0x0000000605000000| Untracked 
|  33|0x0000000605200000, 0x0000000605200000, 0x0000000605400000|  0%| F|  |TAMS 0x0000000605200000, 0x0000000605200000| Untracked 
|  34|0x0000000605400000, 0x0000000605400000, 0x0000000605600000|  0%| F|  |TAMS 0x0000000605400000, 0x0000000605400000| Untracked 
|  35|0x0000000605600000, 0x0000000605600000, 0x0000000605800000|  0%| F|  |TAMS 0x0000000605600000, 0x0000000605600000| Untracked 
|  36|0x0000000605800000, 0x0000000605800000, 0x0000000605a00000|  0%| F|  |TAMS 0x0000000605800000, 0x0000000605800000| Untracked 
|  37|0x0000000605a00000, 0x0000000605a00000, 0x0000000605c00000|  0%| F|  |TAMS 0x0000000605a00000, 0x0000000605a00000| Untracked 
|  38|0x0000000605c00000, 0x0000000605c00000, 0x0000000605e00000|  0%| F|  |TAMS 0x0000000605c00000, 0x0000000605c00000| Untracked 
|  39|0x0000000605e00000, 0x0000000605e00000, 0x0000000606000000|  0%| F|  |TAMS 0x0000000605e00000, 0x0000000605e00000| Untracked 
|  40|0x0000000606000000, 0x0000000606000000, 0x0000000606200000|  0%| F|  |TAMS 0x0000000606000000, 0x0000000606000000| Untracked 
|  41|0x0000000606200000, 0x0000000606200000, 0x0000000606400000|  0%| F|  |TAMS 0x0000000606200000, 0x0000000606200000| Untracked 
|  42|0x0000000606400000, 0x0000000606400000, 0x0000000606600000|  0%| F|  |TAMS 0x0000000606400000, 0x0000000606400000| Untracked 
|  43|0x0000000606600000, 0x0000000606600000, 0x0000000606800000|  0%| F|  |TAMS 0x0000000606600000, 0x0000000606600000| Untracked 
|  44|0x0000000606800000, 0x0000000606800000, 0x0000000606a00000|  0%| F|  |TAMS 0x0000000606800000, 0x0000000606800000| Untracked 
|  45|0x0000000606a00000, 0x0000000606a00000, 0x0000000606c00000|  0%| F|  |TAMS 0x0000000606a00000, 0x0000000606a00000| Untracked 
|  46|0x0000000606c00000, 0x0000000606c00000, 0x0000000606e00000|  0%| F|  |TAMS 0x0000000606c00000, 0x0000000606c00000| Untracked 
|  47|0x0000000606e00000, 0x0000000606e00000, 0x0000000607000000|  0%| F|  |TAMS 0x0000000606e00000, 0x0000000606e00000| Untracked 
|  48|0x0000000607000000, 0x0000000607000000, 0x0000000607200000|  0%| F|  |TAMS 0x0000000607000000, 0x0000000607000000| Untracked 
|  49|0x0000000607200000, 0x0000000607200000, 0x0000000607400000|  0%| F|  |TAMS 0x0000000607200000, 0x0000000607200000| Untracked 
|  50|0x0000000607400000, 0x0000000607400000, 0x0000000607600000|  0%| F|  |TAMS 0x0000000607400000, 0x0000000607400000| Untracked 
|  51|0x0000000607600000, 0x0000000607600000, 0x0000000607800000|  0%| F|  |TAMS 0x0000000607600000, 0x0000000607600000| Untracked 
|  52|0x0000000607800000, 0x0000000607800000, 0x0000000607a00000|  0%| F|  |TAMS 0x0000000607800000, 0x0000000607800000| Untracked 
|  53|0x0000000607a00000, 0x0000000607a00000, 0x0000000607c00000|  0%| F|  |TAMS 0x0000000607a00000, 0x0000000607a00000| Untracked 
|  54|0x0000000607c00000, 0x0000000607c00000, 0x0000000607e00000|  0%| F|  |TAMS 0x0000000607c00000, 0x0000000607c00000| Untracked 
|  55|0x0000000607e00000, 0x0000000607e00000, 0x0000000608000000|  0%| F|  |TAMS 0x0000000607e00000, 0x0000000607e00000| Untracked 
|  56|0x0000000608000000, 0x0000000608000000, 0x0000000608200000|  0%| F|  |TAMS 0x0000000608000000, 0x0000000608000000| Untracked 
|  57|0x0000000608200000, 0x0000000608200000, 0x0000000608400000|  0%| F|  |TAMS 0x0000000608200000, 0x0000000608200000| Untracked 
|  58|0x0000000608400000, 0x0000000608400000, 0x0000000608600000|  0%| F|  |TAMS 0x0000000608400000, 0x0000000608400000| Untracked 
|  59|0x0000000608600000, 0x0000000608600000, 0x0000000608800000|  0%| F|  |TAMS 0x0000000608600000, 0x0000000608600000| Untracked 
|  60|0x0000000608800000, 0x0000000608800000, 0x0000000608a00000|  0%| F|  |TAMS 0x0000000608800000, 0x0000000608800000| Untracked 
|  61|0x0000000608a00000, 0x0000000608a00000, 0x0000000608c00000|  0%| F|  |TAMS 0x0000000608a00000, 0x0000000608a00000| Untracked 
|  62|0x0000000608c00000, 0x0000000608c00000, 0x0000000608e00000|  0%| F|  |TAMS 0x0000000608c00000, 0x0000000608c00000| Untracked 
|  63|0x0000000608e00000, 0x0000000608e00000, 0x0000000609000000|  0%| F|  |TAMS 0x0000000608e00000, 0x0000000608e00000| Untracked 
|  64|0x0000000609000000, 0x0000000609000000, 0x0000000609200000|  0%| F|  |TAMS 0x0000000609000000, 0x0000000609000000| Untracked 
|  65|0x0000000609200000, 0x0000000609200000, 0x0000000609400000|  0%| F|  |TAMS 0x0000000609200000, 0x0000000609200000| Untracked 
|  66|0x0000000609400000, 0x0000000609400000, 0x0000000609600000|  0%| F|  |TAMS 0x0000000609400000, 0x0000000609400000| Untracked 
|  67|0x0000000609600000, 0x0000000609600000, 0x0000000609800000|  0%| F|  |TAMS 0x0000000609600000, 0x0000000609600000| Untracked 
|  68|0x0000000609800000, 0x0000000609800000, 0x0000000609a00000|  0%| F|  |TAMS 0x0000000609800000, 0x0000000609800000| Untracked 
|  69|0x0000000609a00000, 0x0000000609a00000, 0x0000000609c00000|  0%| F|  |TAMS 0x0000000609a00000, 0x0000000609a00000| Untracked 
|  70|0x0000000609c00000, 0x0000000609c00000, 0x0000000609e00000|  0%| F|  |TAMS 0x0000000609c00000, 0x0000000609c00000| Untracked 
|  71|0x0000000609e00000, 0x0000000609e00000, 0x000000060a000000|  0%| F|  |TAMS 0x0000000609e00000, 0x0000000609e00000| Untracked 
|  72|0x000000060a000000, 0x000000060a000000, 0x000000060a200000|  0%| F|  |TAMS 0x000000060a000000, 0x000000060a000000| Untracked 
|  73|0x000000060a200000, 0x000000060a200000, 0x000000060a400000|  0%| F|  |TAMS 0x000000060a200000, 0x000000060a200000| Untracked 
|  74|0x000000060a400000, 0x000000060a400000, 0x000000060a600000|  0%| F|  |TAMS 0x000000060a400000, 0x000000060a400000| Untracked 
|  75|0x000000060a600000, 0x000000060a600000, 0x000000060a800000|  0%| F|  |TAMS 0x000000060a600000, 0x000000060a600000| Untracked 
|  76|0x000000060a800000, 0x000000060a800000, 0x000000060aa00000|  0%| F|  |TAMS 0x000000060a800000, 0x000000060a800000| Untracked 
|  77|0x000000060aa00000, 0x000000060aa00000, 0x000000060ac00000|  0%| F|  |TAMS 0x000000060aa00000, 0x000000060aa00000| Untracked 
|  78|0x000000060ac00000, 0x000000060ac00000, 0x000000060ae00000|  0%| F|  |TAMS 0x000000060ac00000, 0x000000060ac00000| Untracked 
|  79|0x000000060ae00000, 0x000000060ae00000, 0x000000060b000000|  0%| F|  |TAMS 0x000000060ae00000, 0x000000060ae00000| Untracked 
|  80|0x000000060b000000, 0x000000060b000000, 0x000000060b200000|  0%| F|  |TAMS 0x000000060b000000, 0x000000060b000000| Untracked 
|  81|0x000000060b200000, 0x000000060b200000, 0x000000060b400000|  0%| F|  |TAMS 0x000000060b200000, 0x000000060b200000| Untracked 
|  82|0x000000060b400000, 0x000000060b400000, 0x000000060b600000|  0%| F|  |TAMS 0x000000060b400000, 0x000000060b400000| Untracked 
|  83|0x000000060b600000, 0x000000060b600000, 0x000000060b800000|  0%| F|  |TAMS 0x000000060b600000, 0x000000060b600000| Untracked 
|  84|0x000000060b800000, 0x000000060b800000, 0x000000060ba00000|  0%| F|  |TAMS 0x000000060b800000, 0x000000060b800000| Untracked 
|  85|0x000000060ba00000, 0x000000060ba00000, 0x000000060bc00000|  0%| F|  |TAMS 0x000000060ba00000, 0x000000060ba00000| Untracked 
|  86|0x000000060bc00000, 0x000000060bc00000, 0x000000060be00000|  0%| F|  |TAMS 0x000000060bc00000, 0x000000060bc00000| Untracked 
|  87|0x000000060be00000, 0x000000060be00000, 0x000000060c000000|  0%| F|  |TAMS 0x000000060be00000, 0x000000060be00000| Untracked 
|  88|0x000000060c000000, 0x000000060c000000, 0x000000060c200000|  0%| F|  |TAMS 0x000000060c000000, 0x000000060c000000| Untracked 
|  89|0x000000060c200000, 0x000000060c200000, 0x000000060c400000|  0%| F|  |TAMS 0x000000060c200000, 0x000000060c200000| Untracked 
|  90|0x000000060c400000, 0x000000060c400000, 0x000000060c600000|  0%| F|  |TAMS 0x000000060c400000, 0x000000060c400000| Untracked 
|  91|0x000000060c600000, 0x000000060c600000, 0x000000060c800000|  0%| F|  |TAMS 0x000000060c600000, 0x000000060c600000| Untracked 
|  92|0x000000060c800000, 0x000000060c800000, 0x000000060ca00000|  0%| F|  |TAMS 0x000000060c800000, 0x000000060c800000| Untracked 
|  93|0x000000060ca00000, 0x000000060ca00000, 0x000000060cc00000|  0%| F|  |TAMS 0x000000060ca00000, 0x000000060ca00000| Untracked 
|  94|0x000000060cc00000, 0x000000060cc00000, 0x000000060ce00000|  0%| F|  |TAMS 0x000000060cc00000, 0x000000060cc00000| Untracked 
|  95|0x000000060ce00000, 0x000000060ce00000, 0x000000060d000000|  0%| F|  |TAMS 0x000000060ce00000, 0x000000060ce00000| Untracked 
|  96|0x000000060d000000, 0x000000060d000000, 0x000000060d200000|  0%| F|  |TAMS 0x000000060d000000, 0x000000060d000000| Untracked 
|  97|0x000000060d200000, 0x000000060d200000, 0x000000060d400000|  0%| F|  |TAMS 0x000000060d200000, 0x000000060d200000| Untracked 
|  98|0x000000060d400000, 0x000000060d400000, 0x000000060d600000|  0%| F|  |TAMS 0x000000060d400000, 0x000000060d400000| Untracked 
|  99|0x000000060d600000, 0x000000060d600000, 0x000000060d800000|  0%| F|  |TAMS 0x000000060d600000, 0x000000060d600000| Untracked 
| 100|0x000000060d800000, 0x000000060d800000, 0x000000060da00000|  0%| F|  |TAMS 0x000000060d800000, 0x000000060d800000| Untracked 
| 101|0x000000060da00000, 0x000000060da00000, 0x000000060dc00000|  0%| F|  |TAMS 0x000000060da00000, 0x000000060da00000| Untracked 
| 102|0x000000060dc00000, 0x000000060dc00000, 0x000000060de00000|  0%| F|  |TAMS 0x000000060dc00000, 0x000000060dc00000| Untracked 
| 103|0x000000060de00000, 0x000000060de00000, 0x000000060e000000|  0%| F|  |TAMS 0x000000060de00000, 0x000000060de00000| Untracked 
| 104|0x000000060e000000, 0x000000060e000000, 0x000000060e200000|  0%| F|  |TAMS 0x000000060e000000, 0x000000060e000000| Untracked 
| 105|0x000000060e200000, 0x000000060e200000, 0x000000060e400000|  0%| F|  |TAMS 0x000000060e200000, 0x000000060e200000| Untracked 
| 106|0x000000060e400000, 0x000000060e400000, 0x000000060e600000|  0%| F|  |TAMS 0x000000060e400000, 0x000000060e400000| Untracked 
| 107|0x000000060e600000, 0x000000060e600000, 0x000000060e800000|  0%| F|  |TAMS 0x000000060e600000, 0x000000060e600000| Untracked 
| 108|0x000000060e800000, 0x000000060e800000, 0x000000060ea00000|  0%| F|  |TAMS 0x000000060e800000, 0x000000060e800000| Untracked 
| 109|0x000000060ea00000, 0x000000060ea00000, 0x000000060ec00000|  0%| F|  |TAMS 0x000000060ea00000, 0x000000060ea00000| Untracked 
| 110|0x000000060ec00000, 0x000000060ec00000, 0x000000060ee00000|  0%| F|  |TAMS 0x000000060ec00000, 0x000000060ec00000| Untracked 
| 111|0x000000060ee00000, 0x000000060ee00000, 0x000000060f000000|  0%| F|  |TAMS 0x000000060ee00000, 0x000000060ee00000| Untracked 
| 112|0x000000060f000000, 0x000000060f000000, 0x000000060f200000|  0%| F|  |TAMS 0x000000060f000000, 0x000000060f000000| Untracked 
| 113|0x000000060f200000, 0x000000060f200000, 0x000000060f400000|  0%| F|  |TAMS 0x000000060f200000, 0x000000060f200000| Untracked 
| 114|0x000000060f400000, 0x000000060f400000, 0x000000060f600000|  0%| F|  |TAMS 0x000000060f400000, 0x000000060f400000| Untracked 
| 115|0x000000060f600000, 0x000000060f600000, 0x000000060f800000|  0%| F|  |TAMS 0x000000060f600000, 0x000000060f600000| Untracked 
| 116|0x000000060f800000, 0x000000060f800000, 0x000000060fa00000|  0%| F|  |TAMS 0x000000060f800000, 0x000000060f800000| Untracked 
| 117|0x000000060fa00000, 0x000000060fa00000, 0x000000060fc00000|  0%| F|  |TAMS 0x000000060fa00000, 0x000000060fa00000| Untracked 
| 118|0x000000060fc00000, 0x000000060fc00000, 0x000000060fe00000|  0%| F|  |TAMS 0x000000060fc00000, 0x000000060fc00000| Untracked 
| 119|0x000000060fe00000, 0x000000060fe00000, 0x0000000610000000|  0%| F|  |TAMS 0x000000060fe00000, 0x000000060fe00000| Untracked 
| 120|0x0000000610000000, 0x0000000610000000, 0x0000000610200000|  0%| F|  |TAMS 0x0000000610000000, 0x0000000610000000| Untracked 
| 121|0x0000000610200000, 0x0000000610200000, 0x0000000610400000|  0%| F|  |TAMS 0x0000000610200000, 0x0000000610200000| Untracked 
| 122|0x0000000610400000, 0x0000000610400000, 0x0000000610600000|  0%| F|  |TAMS 0x0000000610400000, 0x0000000610400000| Untracked 
| 123|0x0000000610600000, 0x0000000610600000, 0x0000000610800000|  0%| F|  |TAMS 0x0000000610600000, 0x0000000610600000| Untracked 
| 124|0x0000000610800000, 0x0000000610800000, 0x0000000610a00000|  0%| F|  |TAMS 0x0000000610800000, 0x0000000610800000| Untracked 
| 125|0x0000000610a00000, 0x0000000610a00000, 0x0000000610c00000|  0%| F|  |TAMS 0x0000000610a00000, 0x0000000610a00000| Untracked 
| 126|0x0000000610c00000, 0x0000000610c00000, 0x0000000610e00000|  0%| F|  |TAMS 0x0000000610c00000, 0x0000000610c00000| Untracked 
| 127|0x0000000610e00000, 0x0000000610e00000, 0x0000000611000000|  0%| F|  |TAMS 0x0000000610e00000, 0x0000000610e00000| Untracked 
| 128|0x0000000611000000, 0x0000000611000000, 0x0000000611200000|  0%| F|  |TAMS 0x0000000611000000, 0x0000000611000000| Untracked 
| 129|0x0000000611200000, 0x0000000611200000, 0x0000000611400000|  0%| F|  |TAMS 0x0000000611200000, 0x0000000611200000| Untracked 
| 130|0x0000000611400000, 0x0000000611400000, 0x0000000611600000|  0%| F|  |TAMS 0x0000000611400000, 0x0000000611400000| Untracked 
| 131|0x0000000611600000, 0x0000000611600000, 0x0000000611800000|  0%| F|  |TAMS 0x0000000611600000, 0x0000000611600000| Untracked 
| 132|0x0000000611800000, 0x0000000611800000, 0x0000000611a00000|  0%| F|  |TAMS 0x0000000611800000, 0x0000000611800000| Untracked 
| 133|0x0000000611a00000, 0x0000000611a00000, 0x0000000611c00000|  0%| F|  |TAMS 0x0000000611a00000, 0x0000000611a00000| Untracked 
| 134|0x0000000611c00000, 0x0000000611c00000, 0x0000000611e00000|  0%| F|  |TAMS 0x0000000611c00000, 0x0000000611c00000| Untracked 
| 135|0x0000000611e00000, 0x0000000611e00000, 0x0000000612000000|  0%| F|  |TAMS 0x0000000611e00000, 0x0000000611e00000| Untracked 
| 136|0x0000000612000000, 0x0000000612000000, 0x0000000612200000|  0%| F|  |TAMS 0x0000000612000000, 0x0000000612000000| Untracked 
| 137|0x0000000612200000, 0x0000000612200000, 0x0000000612400000|  0%| F|  |TAMS 0x0000000612200000, 0x0000000612200000| Untracked 
| 138|0x0000000612400000, 0x0000000612400000, 0x0000000612600000|  0%| F|  |TAMS 0x0000000612400000, 0x0000000612400000| Untracked 
| 139|0x0000000612600000, 0x0000000612600000, 0x0000000612800000|  0%| F|  |TAMS 0x0000000612600000, 0x0000000612600000| Untracked 
| 140|0x0000000612800000, 0x0000000612800000, 0x0000000612a00000|  0%| F|  |TAMS 0x0000000612800000, 0x0000000612800000| Untracked 
| 141|0x0000000612a00000, 0x0000000612a00000, 0x0000000612c00000|  0%| F|  |TAMS 0x0000000612a00000, 0x0000000612a00000| Untracked 
| 142|0x0000000612c00000, 0x0000000612c00000, 0x0000000612e00000|  0%| F|  |TAMS 0x0000000612c00000, 0x0000000612c00000| Untracked 
| 143|0x0000000612e00000, 0x0000000612e00000, 0x0000000613000000|  0%| F|  |TAMS 0x0000000612e00000, 0x0000000612e00000| Untracked 
| 144|0x0000000613000000, 0x0000000613000000, 0x0000000613200000|  0%| F|  |TAMS 0x0000000613000000, 0x0000000613000000| Untracked 
| 145|0x0000000613200000, 0x0000000613200000, 0x0000000613400000|  0%| F|  |TAMS 0x0000000613200000, 0x0000000613200000| Untracked 
| 146|0x0000000613400000, 0x0000000613400000, 0x0000000613600000|  0%| F|  |TAMS 0x0000000613400000, 0x0000000613400000| Untracked 
| 147|0x0000000613600000, 0x0000000613600000, 0x0000000613800000|  0%| F|  |TAMS 0x0000000613600000, 0x0000000613600000| Untracked 
| 148|0x0000000613800000, 0x0000000613800000, 0x0000000613a00000|  0%| F|  |TAMS 0x0000000613800000, 0x0000000613800000| Untracked 
| 149|0x0000000613a00000, 0x0000000613a00000, 0x0000000613c00000|  0%| F|  |TAMS 0x0000000613a00000, 0x0000000613a00000| Untracked 
| 150|0x0000000613c00000, 0x0000000613c00000, 0x0000000613e00000|  0%| F|  |TAMS 0x0000000613c00000, 0x0000000613c00000| Untracked 
| 151|0x0000000613e00000, 0x0000000613e00000, 0x0000000614000000|  0%| F|  |TAMS 0x0000000613e00000, 0x0000000613e00000| Untracked 
| 152|0x0000000614000000, 0x0000000614000000, 0x0000000614200000|  0%| F|  |TAMS 0x0000000614000000, 0x0000000614000000| Untracked 
| 153|0x0000000614200000, 0x0000000614200000, 0x0000000614400000|  0%| F|  |TAMS 0x0000000614200000, 0x0000000614200000| Untracked 
| 154|0x0000000614400000, 0x0000000614400000, 0x0000000614600000|  0%| F|  |TAMS 0x0000000614400000, 0x0000000614400000| Untracked 
| 155|0x0000000614600000, 0x0000000614600000, 0x0000000614800000|  0%| F|  |TAMS 0x0000000614600000, 0x0000000614600000| Untracked 
| 156|0x0000000614800000, 0x0000000614800000, 0x0000000614a00000|  0%| F|  |TAMS 0x0000000614800000, 0x0000000614800000| Untracked 
| 157|0x0000000614a00000, 0x0000000614a00000, 0x0000000614c00000|  0%| F|  |TAMS 0x0000000614a00000, 0x0000000614a00000| Untracked 
| 158|0x0000000614c00000, 0x0000000614c00000, 0x0000000614e00000|  0%| F|  |TAMS 0x0000000614c00000, 0x0000000614c00000| Untracked 
| 159|0x0000000614e00000, 0x0000000614e00000, 0x0000000615000000|  0%| F|  |TAMS 0x0000000614e00000, 0x0000000614e00000| Untracked 
| 160|0x0000000615000000, 0x0000000615000000, 0x0000000615200000|  0%| F|  |TAMS 0x0000000615000000, 0x0000000615000000| Untracked 
| 161|0x0000000615200000, 0x0000000615200000, 0x0000000615400000|  0%| F|  |TAMS 0x0000000615200000, 0x0000000615200000| Untracked 
| 162|0x0000000615400000, 0x0000000615400000, 0x0000000615600000|  0%| F|  |TAMS 0x0000000615400000, 0x0000000615400000| Untracked 
| 163|0x0000000615600000, 0x0000000615600000, 0x0000000615800000|  0%| F|  |TAMS 0x0000000615600000, 0x0000000615600000| Untracked 
| 164|0x0000000615800000, 0x0000000615800000, 0x0000000615a00000|  0%| F|  |TAMS 0x0000000615800000, 0x0000000615800000| Untracked 
| 165|0x0000000615a00000, 0x0000000615a00000, 0x0000000615c00000|  0%| F|  |TAMS 0x0000000615a00000, 0x0000000615a00000| Untracked 
| 166|0x0000000615c00000, 0x0000000615c00000, 0x0000000615e00000|  0%| F|  |TAMS 0x0000000615c00000, 0x0000000615c00000| Untracked 
| 167|0x0000000615e00000, 0x0000000615e00000, 0x0000000616000000|  0%| F|  |TAMS 0x0000000615e00000, 0x0000000615e00000| Untracked 
| 168|0x0000000616000000, 0x0000000616000000, 0x0000000616200000|  0%| F|  |TAMS 0x0000000616000000, 0x0000000616000000| Untracked 
| 169|0x0000000616200000, 0x0000000616200000, 0x0000000616400000|  0%| F|  |TAMS 0x0000000616200000, 0x0000000616200000| Untracked 
| 170|0x0000000616400000, 0x0000000616400000, 0x0000000616600000|  0%| F|  |TAMS 0x0000000616400000, 0x0000000616400000| Untracked 
| 171|0x0000000616600000, 0x0000000616600000, 0x0000000616800000|  0%| F|  |TAMS 0x0000000616600000, 0x0000000616600000| Untracked 
| 172|0x0000000616800000, 0x0000000616800000, 0x0000000616a00000|  0%| F|  |TAMS 0x0000000616800000, 0x0000000616800000| Untracked 
| 173|0x0000000616a00000, 0x0000000616a00000, 0x0000000616c00000|  0%| F|  |TAMS 0x0000000616a00000, 0x0000000616a00000| Untracked 
| 174|0x0000000616c00000, 0x0000000616c00000, 0x0000000616e00000|  0%| F|  |TAMS 0x0000000616c00000, 0x0000000616c00000| Untracked 
| 175|0x0000000616e00000, 0x0000000616e00000, 0x0000000617000000|  0%| F|  |TAMS 0x0000000616e00000, 0x0000000616e00000| Untracked 
| 176|0x0000000617000000, 0x0000000617000000, 0x0000000617200000|  0%| F|  |TAMS 0x0000000617000000, 0x0000000617000000| Untracked 
| 177|0x0000000617200000, 0x0000000617200000, 0x0000000617400000|  0%| F|  |TAMS 0x0000000617200000, 0x0000000617200000| Untracked 
| 178|0x0000000617400000, 0x0000000617400000, 0x0000000617600000|  0%| F|  |TAMS 0x0000000617400000, 0x0000000617400000| Untracked 
| 179|0x0000000617600000, 0x0000000617600000, 0x0000000617800000|  0%| F|  |TAMS 0x0000000617600000, 0x0000000617600000| Untracked 
| 180|0x0000000617800000, 0x0000000617800000, 0x0000000617a00000|  0%| F|  |TAMS 0x0000000617800000, 0x0000000617800000| Untracked 
| 181|0x0000000617a00000, 0x0000000617a00000, 0x0000000617c00000|  0%| F|  |TAMS 0x0000000617a00000, 0x0000000617a00000| Untracked 
| 182|0x0000000617c00000, 0x0000000617c00000, 0x0000000617e00000|  0%| F|  |TAMS 0x0000000617c00000, 0x0000000617c00000| Untracked 
| 183|0x0000000617e00000, 0x0000000617e00000, 0x0000000618000000|  0%| F|  |TAMS 0x0000000617e00000, 0x0000000617e00000| Untracked 
| 184|0x0000000618000000, 0x0000000618000000, 0x0000000618200000|  0%| F|  |TAMS 0x0000000618000000, 0x0000000618000000| Untracked 
| 185|0x0000000618200000, 0x0000000618200000, 0x0000000618400000|  0%| F|  |TAMS 0x0000000618200000, 0x0000000618200000| Untracked 
| 186|0x0000000618400000, 0x0000000618400000, 0x0000000618600000|  0%| F|  |TAMS 0x0000000618400000, 0x0000000618400000| Untracked 
| 187|0x0000000618600000, 0x0000000618600000, 0x0000000618800000|  0%| F|  |TAMS 0x0000000618600000, 0x0000000618600000| Untracked 
| 188|0x0000000618800000, 0x0000000618800000, 0x0000000618a00000|  0%| F|  |TAMS 0x0000000618800000, 0x0000000618800000| Untracked 
| 189|0x0000000618a00000, 0x0000000618a00000, 0x0000000618c00000|  0%| F|  |TAMS 0x0000000618a00000, 0x0000000618a00000| Untracked 
| 190|0x0000000618c00000, 0x0000000618c00000, 0x0000000618e00000|  0%| F|  |TAMS 0x0000000618c00000, 0x0000000618c00000| Untracked 
| 191|0x0000000618e00000, 0x0000000618e00000, 0x0000000619000000|  0%| F|  |TAMS 0x0000000618e00000, 0x0000000618e00000| Untracked 
| 192|0x0000000619000000, 0x0000000619000000, 0x0000000619200000|  0%| F|  |TAMS 0x0000000619000000, 0x0000000619000000| Untracked 
| 193|0x0000000619200000, 0x0000000619200000, 0x0000000619400000|  0%| F|  |TAMS 0x0000000619200000, 0x0000000619200000| Untracked 
| 194|0x0000000619400000, 0x0000000619400000, 0x0000000619600000|  0%| F|  |TAMS 0x0000000619400000, 0x0000000619400000| Untracked 
| 195|0x0000000619600000, 0x0000000619600000, 0x0000000619800000|  0%| F|  |TAMS 0x0000000619600000, 0x0000000619600000| Untracked 
| 196|0x0000000619800000, 0x0000000619800000, 0x0000000619a00000|  0%| F|  |TAMS 0x0000000619800000, 0x0000000619800000| Untracked 
| 197|0x0000000619a00000, 0x0000000619a00000, 0x0000000619c00000|  0%| F|  |TAMS 0x0000000619a00000, 0x0000000619a00000| Untracked 
| 198|0x0000000619c00000, 0x0000000619c00000, 0x0000000619e00000|  0%| F|  |TAMS 0x0000000619c00000, 0x0000000619c00000| Untracked 
| 199|0x0000000619e00000, 0x0000000619e00000, 0x000000061a000000|  0%| F|  |TAMS 0x0000000619e00000, 0x0000000619e00000| Untracked 
| 200|0x000000061a000000, 0x000000061a000000, 0x000000061a200000|  0%| F|  |TAMS 0x000000061a000000, 0x000000061a000000| Untracked 
| 201|0x000000061a200000, 0x000000061a200000, 0x000000061a400000|  0%| F|  |TAMS 0x000000061a200000, 0x000000061a200000| Untracked 
| 202|0x000000061a400000, 0x000000061a400000, 0x000000061a600000|  0%| F|  |TAMS 0x000000061a400000, 0x000000061a400000| Untracked 
| 203|0x000000061a600000, 0x000000061a600000, 0x000000061a800000|  0%| F|  |TAMS 0x000000061a600000, 0x000000061a600000| Untracked 
| 204|0x000000061a800000, 0x000000061a800000, 0x000000061aa00000|  0%| F|  |TAMS 0x000000061a800000, 0x000000061a800000| Untracked 
| 205|0x000000061aa00000, 0x000000061aa00000, 0x000000061ac00000|  0%| F|  |TAMS 0x000000061aa00000, 0x000000061aa00000| Untracked 
| 206|0x000000061ac00000, 0x000000061ac00000, 0x000000061ae00000|  0%| F|  |TAMS 0x000000061ac00000, 0x000000061ac00000| Untracked 
| 207|0x000000061ae00000, 0x000000061ae00000, 0x000000061b000000|  0%| F|  |TAMS 0x000000061ae00000, 0x000000061ae00000| Untracked 
| 208|0x000000061b000000, 0x000000061b000000, 0x000000061b200000|  0%| F|  |TAMS 0x000000061b000000, 0x000000061b000000| Untracked 
| 209|0x000000061b200000, 0x000000061b200000, 0x000000061b400000|  0%| F|  |TAMS 0x000000061b200000, 0x000000061b200000| Untracked 
| 210|0x000000061b400000, 0x000000061b400000, 0x000000061b600000|  0%| F|  |TAMS 0x000000061b400000, 0x000000061b400000| Untracked 
| 211|0x000000061b600000, 0x000000061b600000, 0x000000061b800000|  0%| F|  |TAMS 0x000000061b600000, 0x000000061b600000| Untracked 
| 212|0x000000061b800000, 0x000000061b800000, 0x000000061ba00000|  0%| F|  |TAMS 0x000000061b800000, 0x000000061b800000| Untracked 
| 213|0x000000061ba00000, 0x000000061ba00000, 0x000000061bc00000|  0%| F|  |TAMS 0x000000061ba00000, 0x000000061ba00000| Untracked 
| 214|0x000000061bc00000, 0x000000061bc00000, 0x000000061be00000|  0%| F|  |TAMS 0x000000061bc00000, 0x000000061bc00000| Untracked 
| 215|0x000000061be00000, 0x000000061be00000, 0x000000061c000000|  0%| F|  |TAMS 0x000000061be00000, 0x000000061be00000| Untracked 
| 216|0x000000061c000000, 0x000000061c000000, 0x000000061c200000|  0%| F|  |TAMS 0x000000061c000000, 0x000000061c000000| Untracked 
| 217|0x000000061c200000, 0x000000061c200000, 0x000000061c400000|  0%| F|  |TAMS 0x000000061c200000, 0x000000061c200000| Untracked 
| 218|0x000000061c400000, 0x000000061c400000, 0x000000061c600000|  0%| F|  |TAMS 0x000000061c400000, 0x000000061c400000| Untracked 
| 219|0x000000061c600000, 0x000000061c600000, 0x000000061c800000|  0%| F|  |TAMS 0x000000061c600000, 0x000000061c600000| Untracked 
| 220|0x000000061c800000, 0x000000061c800000, 0x000000061ca00000|  0%| F|  |TAMS 0x000000061c800000, 0x000000061c800000| Untracked 
| 221|0x000000061ca00000, 0x000000061ca00000, 0x000000061cc00000|  0%| F|  |TAMS 0x000000061ca00000, 0x000000061ca00000| Untracked 
| 222|0x000000061cc00000, 0x000000061cc00000, 0x000000061ce00000|  0%| F|  |TAMS 0x000000061cc00000, 0x000000061cc00000| Untracked 
| 223|0x000000061ce00000, 0x000000061ce00000, 0x000000061d000000|  0%| F|  |TAMS 0x000000061ce00000, 0x000000061ce00000| Untracked 
| 224|0x000000061d000000, 0x000000061d000000, 0x000000061d200000|  0%| F|  |TAMS 0x000000061d000000, 0x000000061d000000| Untracked 
| 225|0x000000061d200000, 0x000000061d200000, 0x000000061d400000|  0%| F|  |TAMS 0x000000061d200000, 0x000000061d200000| Untracked 
| 226|0x000000061d400000, 0x000000061d400000, 0x000000061d600000|  0%| F|  |TAMS 0x000000061d400000, 0x000000061d400000| Untracked 
| 227|0x000000061d600000, 0x000000061d600000, 0x000000061d800000|  0%| F|  |TAMS 0x000000061d600000, 0x000000061d600000| Untracked 
| 228|0x000000061d800000, 0x000000061d800000, 0x000000061da00000|  0%| F|  |TAMS 0x000000061d800000, 0x000000061d800000| Untracked 
| 229|0x000000061da00000, 0x000000061da00000, 0x000000061dc00000|  0%| F|  |TAMS 0x000000061da00000, 0x000000061da00000| Untracked 
| 230|0x000000061dc00000, 0x000000061dc00000, 0x000000061de00000|  0%| F|  |TAMS 0x000000061dc00000, 0x000000061dc00000| Untracked 
| 231|0x000000061de00000, 0x000000061de00000, 0x000000061e000000|  0%| F|  |TAMS 0x000000061de00000, 0x000000061de00000| Untracked 
| 232|0x000000061e000000, 0x000000061e000000, 0x000000061e200000|  0%| F|  |TAMS 0x000000061e000000, 0x000000061e000000| Untracked 
| 233|0x000000061e200000, 0x000000061e200000, 0x000000061e400000|  0%| F|  |TAMS 0x000000061e200000, 0x000000061e200000| Untracked 
| 234|0x000000061e400000, 0x000000061e400000, 0x000000061e600000|  0%| F|  |TAMS 0x000000061e400000, 0x000000061e400000| Untracked 
| 235|0x000000061e600000, 0x000000061e600000, 0x000000061e800000|  0%| F|  |TAMS 0x000000061e600000, 0x000000061e600000| Untracked 
| 236|0x000000061e800000, 0x000000061e800000, 0x000000061ea00000|  0%| F|  |TAMS 0x000000061e800000, 0x000000061e800000| Untracked 
| 237|0x000000061ea00000, 0x000000061ea00000, 0x000000061ec00000|  0%| F|  |TAMS 0x000000061ea00000, 0x000000061ea00000| Untracked 
| 238|0x000000061ec00000, 0x000000061ec00000, 0x000000061ee00000|  0%| F|  |TAMS 0x000000061ec00000, 0x000000061ec00000| Untracked 
| 239|0x000000061ee00000, 0x000000061ee00000, 0x000000061f000000|  0%| F|  |TAMS 0x000000061ee00000, 0x000000061ee00000| Untracked 
| 240|0x000000061f000000, 0x000000061f000000, 0x000000061f200000|  0%| F|  |TAMS 0x000000061f000000, 0x000000061f000000| Untracked 
| 241|0x000000061f200000, 0x000000061f200000, 0x000000061f400000|  0%| F|  |TAMS 0x000000061f200000, 0x000000061f200000| Untracked 
| 242|0x000000061f400000, 0x000000061f400000, 0x000000061f600000|  0%| F|  |TAMS 0x000000061f400000, 0x000000061f400000| Untracked 
| 243|0x000000061f600000, 0x000000061f600000, 0x000000061f800000|  0%| F|  |TAMS 0x000000061f600000, 0x000000061f600000| Untracked 
| 244|0x000000061f800000, 0x000000061f800000, 0x000000061fa00000|  0%| F|  |TAMS 0x000000061f800000, 0x000000061f800000| Untracked 
| 245|0x000000061fa00000, 0x000000061fa00000, 0x000000061fc00000|  0%| F|  |TAMS 0x000000061fa00000, 0x000000061fa00000| Untracked 
| 246|0x000000061fc00000, 0x000000061fc00000, 0x000000061fe00000|  0%| F|  |TAMS 0x000000061fc00000, 0x000000061fc00000| Untracked 
| 247|0x000000061fe00000, 0x000000061fe00000, 0x0000000620000000|  0%| F|  |TAMS 0x000000061fe00000, 0x000000061fe00000| Untracked 
| 248|0x0000000620000000, 0x0000000620000000, 0x0000000620200000|  0%| F|  |TAMS 0x0000000620000000, 0x0000000620000000| Untracked 
| 249|0x0000000620200000, 0x00000006203ec0b8, 0x0000000620400000| 96%| E|  |TAMS 0x0000000620200000, 0x0000000620200000| Complete 
| 250|0x0000000620400000, 0x0000000620600000, 0x0000000620600000|100%| E|CS|TAMS 0x0000000620400000, 0x0000000620400000| Complete 
| 251|0x0000000620600000, 0x0000000620800000, 0x0000000620800000|100%| E|CS|TAMS 0x0000000620600000, 0x0000000620600000| Complete 
| 252|0x0000000620800000, 0x0000000620a00000, 0x0000000620a00000|100%| E|CS|TAMS 0x0000000620800000, 0x0000000620800000| Complete 
| 253|0x0000000620a00000, 0x0000000620c00000, 0x0000000620c00000|100%| E|CS|TAMS 0x0000000620a00000, 0x0000000620a00000| Complete 
| 254|0x0000000620c00000, 0x0000000620e00000, 0x0000000620e00000|100%| E|CS|TAMS 0x0000000620c00000, 0x0000000620c00000| Complete 
| 255|0x0000000620e00000, 0x0000000621000000, 0x0000000621000000|100%| E|CS|TAMS 0x0000000620e00000, 0x0000000620e00000| Complete 

Card table byte_map: [0x0000021121d80000,0x0000021122d80000] _byte_map_base: 0x000002111ed78000

Marking Bits (Prev, Next): (CMBitMap*) 0x00000211096cd0b8, (CMBitMap*) 0x00000211096cd0f8
 Prev Bits: [0x0000021123d80000, 0x000002112bd40000)
 Next Bits: [0x000002112bd40000, 0x0000021133d00000)

Polling page: 0x0000021107400000

Metaspace:

Usage:
  Non-class:      9.94 MB capacity,     9.70 MB ( 98%) used,   211.34 KB (  2%) free+waste,    35.75 KB ( <1%) overhead. 
      Class:      1.46 MB capacity,     1.29 MB ( 88%) used,   162.57 KB ( 11%) free+waste,    20.88 KB (  1%) overhead. 
       Both:     11.41 MB capacity,    10.99 MB ( 96%) used,   373.91 KB (  3%) free+waste,    56.63 KB ( <1%) overhead. 

Virtual space:
  Non-class space:       10.00 MB reserved,      10.00 MB (100%) committed 
      Class space:        1.00 GB reserved,       1.50 MB ( <1%) committed 
             Both:        1.01 GB reserved,      11.50 MB (  1%) committed 

Chunk freelists:
   Non-Class:  7.38 KB
       Class:  512 bytes
        Both:  7.88 KB

CodeHeap 'non-profiled nmethods': size=120000Kb used=340Kb max_used=340Kb free=119659Kb
 bounds [0x0000021119520000, 0x0000021119790000, 0x0000021120a50000]
CodeHeap 'profiled nmethods': size=120000Kb used=2088Kb max_used=2088Kb free=117911Kb
 bounds [0x0000021111ff0000, 0x0000021112260000, 0x0000021119520000]
CodeHeap 'non-nmethods': size=5760Kb used=1232Kb max_used=1246Kb free=4527Kb
 bounds [0x0000021111a50000, 0x0000021111cc0000, 0x0000021111ff0000]
 total_blobs=1874 nmethods=1094 adapters=511
 compilation: enabled
              stopped_count=0, restarted_count=0
 full_count=0

Compilation events (10 events):
Event: 1.314 Thread 0x00000211371c9800 1090       4       java.util.HashMap::put (13 bytes)
Event: 1.319 Thread 0x00000211371c9800 nmethod 1090 0x0000021119574310 code [0x0000021119574520, 0x0000021119574d30]
Event: 1.344 Thread 0x00000211371cd800 1091       3       java.util.Arrays::equals (43 bytes)
Event: 1.345 Thread 0x00000211371cd800 nmethod 1091 0x00000211121f8410 code [0x00000211121f85e0, 0x00000211121f88f0]
Event: 1.365 Thread 0x00000211371cd800 1092       3       jdk.internal.util.ArraysSupport::vectorizedMismatch (268 bytes)
Event: 1.366 Thread 0x00000211371cd800 nmethod 1092 0x00000211121f8a10 code [0x00000211121f8c20, 0x00000211121f9190]
Event: 1.366 Thread 0x00000211371cd800 1093       3       org.netbeans.lib.profiler.server.ProfilerRuntimeSampler$Sampling::writeThreadInfoNoChange (86 bytes)
Event: 1.366 Thread 0x00000211371cd800 nmethod 1093 0x00000211121f9390 code [0x00000211121f9580, 0x00000211121f9930]
Event: 1.512 Thread 0x00000211371cd800 1094       3       jdk.internal.util.ArraysSupport::mismatch (72 bytes)
Event: 1.512 Thread 0x00000211371cd800 nmethod 1094 0x00000211121f9b10 code [0x00000211121f9d00, 0x00000211121fa118]

GC Heap History (0 events):
No events

Deoptimization events (10 events):
Event: 1.137 Thread 0x0000021109649000 Uncommon trap: reason=unstable_if action=reinterpret pc=0x00000211195578a4 method=java.util.HashMap.hash(Ljava/lang/Object;)I @ 1 c2
Event: 1.137 Thread 0x0000021109649000 Uncommon trap: reason=unstable_if action=reinterpret pc=0x0000021119530c5c method=java.util.HashMap.hash(Ljava/lang/Object;)I @ 1 c2
Event: 1.139 Thread 0x0000021109649000 Uncommon trap: reason=bimorphic_or_optimized_type_check action=maybe_recompile pc=0x0000021119553f44 method=java.util.HashMap.putVal(ILjava/lang/Object;Ljava/lang/Object;ZZ)Ljava/lang/Object; @ 91 c2
Event: 1.139 Thread 0x0000021109649000 Uncommon trap: reason=bimorphic_or_optimized_type_check action=maybe_recompile pc=0x0000021119553f44 method=java.util.HashMap.putVal(ILjava/lang/Object;Ljava/lang/Object;ZZ)Ljava/lang/Object; @ 91 c2
Event: 1.229 Thread 0x0000021139e03800 Uncommon trap: reason=unstable_if action=reinterpret pc=0x0000021119568f10 method=java.util.HashMap.getNode(ILjava/lang/Object;)Ljava/util/HashMap$Node; @ 84 c2
Event: 1.229 Thread 0x0000021139e03800 Uncommon trap: reason=unstable_if action=reinterpret pc=0x000002111956b78c method=java.util.HashMap.getNode(ILjava/lang/Object;)Ljava/util/HashMap$Node; @ 84 c2
Event: 1.238 Thread 0x000002113816d800 Uncommon trap: reason=unstable_if action=reinterpret pc=0x000002111955cc3c method=java.lang.AbstractStringBuilder.append(Ljava/lang/String;)Ljava/lang/AbstractStringBuilder; @ 1 c2
Event: 1.249 Thread 0x000002113816d800 Uncommon trap: reason=unstable_if action=reinterpret pc=0x000002111956d820 method=java.lang.StringLatin1.canEncode(I)Z @ 4 c2
Event: 1.249 Thread 0x000002113816d800 Uncommon trap: reason=unstable_if action=reinterpret pc=0x0000021119554efc method=java.lang.AbstractStringBuilder.isLatin1()Z @ 10 c2
Event: 1.249 Thread 0x000002113816d800 Uncommon trap: reason=unstable_if action=reinterpret pc=0x000002111954d308 method=java.lang.AbstractStringBuilder.isLatin1()Z @ 10 c2

Classes redefined (0 events):
No events

Internal exceptions (10 events):
Event: 1.136 Thread 0x0000021109649000 Exception <a 'java/lang/ClassNotFoundException'{0x0000000620496d48}: Tree> (0x0000000620496d48) thrown at [t:/workspace/open/src/hotspot/share/classfile/systemDictionary.cpp, line 235]
Event: 1.136 Thread 0x0000021109649000 Exception <a 'java/lang/ClassNotFoundException'{0x00000006204970b8}: javax/swing/JTreeCell> (0x00000006204970b8) thrown at [t:/workspace/open/src/hotspot/share/classfile/systemDictionary.cpp, line 235]
Event: 1.136 Thread 0x0000021109649000 Exception <a 'java/lang/ClassNotFoundException'{0x00000006204973b8}: TreeCell> (0x00000006204973b8) thrown at [t:/workspace/open/src/hotspot/share/classfile/systemDictionary.cpp, line 235]
Event: 1.136 Thread 0x0000021109649000 Exception <a 'java/lang/ClassNotFoundException'{0x0000000620497b88}: RootPane> (0x0000000620497b88) thrown at [t:/workspace/open/src/hotspot/share/classfile/systemDictionary.cpp, line 235]
Event: 1.137 Thread 0x0000021109649000 Implicit null exception at 0x0000021119557808 to 0x000002111955789a
Event: 1.137 Thread 0x0000021109649000 Implicit null exception at 0x0000021119530bcf to 0x0000021119530c4d
Event: 1.138 Thread 0x0000021109649000 Exception <a 'java/lang/ClassNotFoundException'{0x000000062049a9e0}: com/sun/swing/internal/plaf/metal/resources/spi/metalProvider> (0x000000062049a9e0) thrown at [t:/workspace/open/src/hotspot/share/classfile/systemDictionary.cpp, line 235]
Event: 1.138 Thread 0x0000021109649000 Exception <a 'java/lang/ClassNotFoundException'{0x000000062049ebf0}: com/sun/swing/internal/plaf/basic/resources/spi/basicProvider> (0x000000062049ebf0) thrown at [t:/workspace/open/src/hotspot/share/classfile/systemDictionary.cpp, line 235]
Event: 1.217 Thread 0x0000021139e03800 Exception <a 'java/lang/ClassNotFoundException'{0x0000000620504aa0}: com/sun/swing/internal/plaf/synth/resources/spi/synthProvider> (0x0000000620504aa0) thrown at [t:/workspace/open/src/hotspot/share/classfile/systemDictionary.cpp, line 235]
Event: 1.238 Thread 0x000002113816d800 Implicit null exception at 0x000002111955c724 to 0x000002111955cc22

Events (10 events):
Event: 1.842 Executing VM operation: GetAllStackTraces
Event: 1.843 Executing VM operation: GetAllStackTraces done
Event: 1.849 loading class org/netbeans/lib/profiler/wireprotocol/EventBufferDumpedCommand
Event: 1.850 loading class org/netbeans/lib/profiler/wireprotocol/EventBufferDumpedCommand done
Event: 1.852 Executing VM operation: GetAllStackTraces
Event: 1.853 Executing VM operation: GetAllStackTraces done
Event: 1.858 loading class org/netbeans/lib/profiler/wireprotocol/DumpResultsResponse
Event: 1.858 loading class org/netbeans/lib/profiler/wireprotocol/DumpResultsResponse done
Event: 1.865 loading class org/netbeans/lib/profiler/wireprotocol/GetMethodNamesForJMethodIdsCommand
Event: 1.865 loading class org/netbeans/lib/profiler/wireprotocol/GetMethodNamesForJMethodIdsCommand done


Dynamic libraries:
0x00007ff6814c0000 - 0x00007ff6814cf000 	C:\Program Files\Java\jdk-12.0.2\bin\java.exe
0x00007ff9f5540000 - 0x00007ff9f5730000 	C:\WINDOWS\SYSTEM32\ntdll.dll
0x00007ff9f52a0000 - 0x00007ff9f5352000 	C:\WINDOWS\System32\KERNEL32.DLL
0x00007ff9f2a40000 - 0x00007ff9f2ce3000 	C:\WINDOWS\System32\KERNELBASE.dll
0x00007ff9f2550000 - 0x00007ff9f264a000 	C:\WINDOWS\System32\ucrtbase.dll
0x00007ff9eeeb0000 - 0x00007ff9eeec6000 	C:\Program Files\Java\jdk-12.0.2\bin\VCRUNTIME140.dll
0x00007ff9e0670000 - 0x00007ff9e0688000 	C:\Program Files\Java\jdk-12.0.2\bin\jli.dll
0x00007ff9f50f0000 - 0x00007ff9f5193000 	C:\WINDOWS\System32\ADVAPI32.dll
0x00007ff9f4480000 - 0x00007ff9f451e000 	C:\WINDOWS\System32\msvcrt.dll
0x00007ff9f5200000 - 0x00007ff9f5297000 	C:\WINDOWS\System32\sechost.dll
0x00007ff9f3610000 - 0x00007ff9f3730000 	C:\WINDOWS\System32\RPCRT4.dll
0x00007ff9f5360000 - 0x00007ff9f54f4000 	C:\WINDOWS\System32\USER32.dll
0x00007ff9f2a10000 - 0x00007ff9f2a31000 	C:\WINDOWS\System32\win32u.dll
0x00007ff9f4670000 - 0x00007ff9f4696000 	C:\WINDOWS\System32\GDI32.dll
0x00007ff9e2750000 - 0x00007ff9e29d5000 	C:\WINDOWS\WinSxS\amd64_microsoft.windows.common-controls_6595b64144ccf1df_6.0.18362.476_none_e6c4b11b130f2595\COMCTL32.dll
0x00007ff9f27d0000 - 0x00007ff9f2964000 	C:\WINDOWS\System32\gdi32full.dll
0x00007ff9f40d0000 - 0x00007ff9f4406000 	C:\WINDOWS\System32\combase.dll
0x00007ff9f2970000 - 0x00007ff9f2a0e000 	C:\WINDOWS\System32\msvcp_win.dll
0x00007ff9f24d0000 - 0x00007ff9f2550000 	C:\WINDOWS\System32\bcryptPrimitives.dll
0x00007ff9ea310000 - 0x00007ff9ea31a000 	C:\WINDOWS\SYSTEM32\VERSION.dll
0x00007ff9f4e60000 - 0x00007ff9f4e8e000 	C:\WINDOWS\System32\IMM32.DLL
0x00007ff9df1a0000 - 0x00007ff9df24a000 	C:\Program Files\Java\jdk-12.0.2\bin\msvcp140.dll
0x00007ff989dc0000 - 0x00007ff98a937000 	C:\Program Files\Java\jdk-12.0.2\bin\server\jvm.dll
0x00007ff9f45f0000 - 0x00007ff9f45f8000 	C:\WINDOWS\System32\PSAPI.DLL
0x00007ff9f0380000 - 0x00007ff9f03a4000 	C:\WINDOWS\SYSTEM32\WINMM.dll
0x00007ff9d09f0000 - 0x00007ff9d09f9000 	C:\WINDOWS\SYSTEM32\WSOCK32.dll
0x00007ff9f4600000 - 0x00007ff9f466f000 	C:\WINDOWS\System32\WS2_32.dll
0x00007ff9f0350000 - 0x00007ff9f037d000 	C:\WINDOWS\SYSTEM32\winmmbase.dll
0x00007ff9f3540000 - 0x00007ff9f358a000 	C:\WINDOWS\System32\cfgmgr32.dll
0x00007ff9f24b0000 - 0x00007ff9f24c1000 	C:\WINDOWS\System32\kernel.appcore.dll
0x00007ff9e9210000 - 0x00007ff9e9221000 	C:\Program Files\Java\jdk-12.0.2\bin\verify.dll
0x00007ff9e85d0000 - 0x00007ff9e87c4000 	C:\WINDOWS\SYSTEM32\DBGHELP.DLL
0x00007ff9e8320000 - 0x00007ff9e834a000 	C:\WINDOWS\SYSTEM32\dbgcore.DLL
0x00007ff9ec620000 - 0x00007ff9ec646000 	C:\Program Files\Java\jdk-12.0.2\bin\java.dll
0x00007ff9e0ab0000 - 0x00007ff9e0abf000 	C:\Program Files\NetBeans-11.1\netbeans\profiler\lib\deployed\jdk16\windows-amd64\profilerinterface.dll
0x00007ff9e91f0000 - 0x00007ff9e9207000 	C:\Program Files\Java\jdk-12.0.2\bin\zip.dll
0x00007ff9e91e0000 - 0x00007ff9e91ea000 	C:\Program Files\Java\jdk-12.0.2\bin\jimage.dll
0x00007ff9f39e0000 - 0x00007ff9f40c5000 	C:\WINDOWS\System32\SHELL32.dll
0x00007ff9f4e90000 - 0x00007ff9f4f39000 	C:\WINDOWS\System32\shcore.dll
0x00007ff9f2d10000 - 0x00007ff9f348e000 	C:\WINDOWS\System32\windows.storage.dll
0x00007ff9f2490000 - 0x00007ff9f24af000 	C:\WINDOWS\System32\profapi.dll
0x00007ff9f2420000 - 0x00007ff9f246a000 	C:\WINDOWS\System32\powrprof.dll
0x00007ff9f2410000 - 0x00007ff9f2420000 	C:\WINDOWS\System32\UMPDC.dll
0x00007ff9f3980000 - 0x00007ff9f39d2000 	C:\WINDOWS\System32\shlwapi.dll
0x00007ff9f2cf0000 - 0x00007ff9f2d07000 	C:\WINDOWS\System32\cryptsp.dll
0x00007ff9e91c0000 - 0x00007ff9e91d9000 	C:\Program Files\Java\jdk-12.0.2\bin\net.dll
0x00007ff9ebf80000 - 0x00007ff9ec070000 	C:\WINDOWS\SYSTEM32\WINHTTP.dll
0x00007ff9e4b80000 - 0x00007ff9e4d56000 	C:\WINDOWS\SYSTEM32\urlmon.dll
0x00007ff9e48d0000 - 0x00007ff9e4b76000 	C:\WINDOWS\SYSTEM32\iertutil.dll
0x00007ff9f1e50000 - 0x00007ff9f1e5c000 	C:\WINDOWS\SYSTEM32\CRYPTBASE.DLL
0x00007ff9f1c80000 - 0x00007ff9f1ce7000 	C:\WINDOWS\system32\mswsock.dll
0x00007ff9e91a0000 - 0x00007ff9e91b3000 	C:\Program Files\Java\jdk-12.0.2\bin\nio.dll
0x00007ff9ec820000 - 0x00007ff9ec829000 	C:\Program Files\Java\jdk-12.0.2\bin\management.dll
0x00007ff9e9190000 - 0x00007ff9e919c000 	C:\Program Files\Java\jdk-12.0.2\bin\management_ext.dll
0x00007ff9f17f0000 - 0x00007ff9f1823000 	C:\WINDOWS\system32\rsaenh.dll
0x00007ff9f2650000 - 0x00007ff9f2676000 	C:\WINDOWS\System32\bcrypt.dll
0x00007ff9f2300000 - 0x00007ff9f2325000 	C:\WINDOWS\SYSTEM32\USERENV.dll
0x00007ff9f1990000 - 0x00007ff9f19ca000 	C:\WINDOWS\SYSTEM32\IPHLPAPI.DLL
0x00007ff9f3730000 - 0x00007ff9f3738000 	C:\WINDOWS\System32\NSI.dll
0x00007ff9eae30000 - 0x00007ff9eae46000 	C:\WINDOWS\SYSTEM32\dhcpcsvc6.DLL
0x00007ff9eb320000 - 0x00007ff9eb33c000 	C:\WINDOWS\SYSTEM32\dhcpcsvc.DLL
0x00007ff9f19d0000 - 0x00007ff9f1a9a000 	C:\WINDOWS\SYSTEM32\DNSAPI.dll
0x00007ff9ded30000 - 0x00007ff9deecf000 	C:\Program Files\Java\jdk-12.0.2\bin\awt.dll
0x00007ff9f4520000 - 0x00007ff9f45e4000 	C:\WINDOWS\System32\OLEAUT32.dll
0x00007ff9ef0a0000 - 0x00007ff9ef660000 	C:\WINDOWS\SYSTEM32\d2d1.dll
0x00007ff9f05f0000 - 0x00007ff9f067f000 	C:\WINDOWS\SYSTEM32\apphelp.dll
0x00007ff9f0790000 - 0x00007ff9f0829000 	C:\WINDOWS\system32\uxtheme.dll
0x00007ff9f48b0000 - 0x00007ff9f49e6000 	C:\WINDOWS\System32\MSCTF.dll
0x00007ff9f4750000 - 0x00007ff9f48a6000 	C:\WINDOWS\System32\ole32.dll
0x00007ff9f0bb0000 - 0x00007ff9f0bdd000 	C:\WINDOWS\system32\DWMAPI.DLL
0x00007ff9df740000 - 0x00007ff9df7c0000 	C:\Program Files\Java\jdk-12.0.2\bin\freetype.dll
0x00007ff9dec80000 - 0x00007ff9ded2b000 	C:\Program Files\Java\jdk-12.0.2\bin\fontmanager.dll
0x00007ff9de020000 - 0x00007ff9de176000 	C:\WINDOWS\system32\opengl32.dll
0x00007ff9e9120000 - 0x00007ff9e914c000 	C:\WINDOWS\SYSTEM32\GLU32.dll
0x00007ff9f10f0000 - 0x00007ff9f1110000 	C:\WINDOWS\SYSTEM32\dxcore.dll
0x00007ff9e3c70000 - 0x00007ff9e3e37000 	C:\WINDOWS\system32\d3d9.dll
0x00007ff9e8990000 - 0x00007ff9e8a7f000 	C:\WINDOWS\System32\DriverStore\FileRepository\nv_dispi.inf_amd64_3334892267d8a3d1\nvldumdx.dll
0x00007ff9f2680000 - 0x00007ff9f27c9000 	C:\WINDOWS\System32\crypt32.dll
0x00007ff9f2470000 - 0x00007ff9f2482000 	C:\WINDOWS\System32\MSASN1.dll
0x00007ff9f3590000 - 0x00007ff9f35ec000 	C:\WINDOWS\System32\WINTRUST.DLL
0x00007ff9f35f0000 - 0x00007ff9f360d000 	C:\WINDOWS\System32\imagehlp.dll
0x00007ff9d5c50000 - 0x00007ff9d7154000 	C:\WINDOWS\System32\DriverStore\FileRepository\nv_dispi.inf_amd64_3334892267d8a3d1\nvd3dumx.dll
0x00007ff99c580000 - 0x00007ff99c842000 	C:\WINDOWS\system32\nvspcap64.dll
0x00007ff9f1470000 - 0x00007ff9f14a1000 	C:\WINDOWS\SYSTEM32\ntmarta.dll
0x00007ff9ea1d0000 - 0x00007ff9ea1ff000 	C:\WINDOWS\SYSTEM32\cryptnet.dll
0x00007ff9f1030000 - 0x00007ff9f1052000 	C:\WINDOWS\SYSTEM32\gpapi.dll

dbghelp: loaded successfully - version: 4.0.5 - missing functions: none
symbol engine: initialized successfully - sym options: 0x614 - pdb path: .;C:\Program Files\Java\jdk-12.0.2\bin;C:\WINDOWS\SYSTEM32;C:\WINDOWS\WinSxS\amd64_microsoft.windows.common-controls_6595b64144ccf1df_6.0.18362.476_none_e6c4b11b130f2595;C:\Program Files\Java\jdk-12.0.2\bin\server;C:\Program Files\NetBeans-11.1\netbeans\profiler\lib\deployed\jdk16\windows-amd64;C:\WINDOWS\System32\DriverStore\FileRepository\nv_dispi.inf_amd64_3334892267d8a3d1

VM Arguments:
jvm_args: -Dfile.encoding=UTF-8 -agentpath:C:/Program Files/NetBeans-11.1/netbeans/profiler/lib/deployed/jdk16/windows-amd64/profilerinterface.dll=C:\Program Files\NetBeans-11.1\netbeans\profiler\lib,5140,10 -XX:+HeapDumpOnOutOfMemoryError -XX:HeapDumpPath=C:\Users\PC\Desktop\proyecto\Pinkberry\nbproject\private\profiler 
java_command: consultas.MenuConsultas
java_class_path (initial): C:\Users\PC\Desktop\proyecto\Pinkberry\dist\lib\DateChooser.jar;C:\Users\PC\Desktop\proyecto\Pinkberry\dist\lib\TimingFramework.jar;C:\Users\PC\Desktop\proyecto\Pinkberry\dist\lib\beansbinding-1.2.1.jar;C:\Users\PC\Desktop\proyecto\Pinkberry\dist\lib\edisoncorSX.jar;C:\Users\PC\Desktop\proyecto\Pinkberry\dist\lib\itextpdf-5.5.13.1.jar;C:\Users\PC\Desktop\proyecto\Pinkberry\dist\lib\jcalendar-1.4.jar;C:\Users\PC\Desktop\proyecto\Pinkberry\dist\lib\sqljdbc4.jar;C:\Users\PC\Desktop\proyecto\Pinkberry\dist\lib\AbsoluteLayout.jar;C:\Users\PC\Desktop\proyecto\Pinkberry\dist\lib\swing-layout-1.0.4.jar;C:\Users\PC\Desktop\proyecto\Pinkberry\build\classes
Launcher Type: SUN_STANDARD

[Global flags]
     intx CICompilerCount                          = 4                                         {product} {ergonomic}
     uint ConcGCThreads                            = 2                                         {product} {ergonomic}
     uint G1ConcRefinementThreads                  = 8                                         {product} {ergonomic}
   size_t G1HeapRegionSize                         = 2097152                                   {product} {ergonomic}
    uintx GCDrainStackTargetSize                   = 64                                        {product} {ergonomic}
     bool HeapDumpOnOutOfMemoryError               = true                                   {manageable} {command line}
    ccstr HeapDumpPath                             = C:\Users\PC\Desktop\proyecto\Pinkberry\nbproject\private\profiler         {manageable} {command line}
   size_t InitialHeapSize                          = 536870912                                 {product} {ergonomic}
   size_t MarkStackSize                            = 4194304                                   {product} {ergonomic}
   size_t MaxHeapSize                              = 8573157376                                {product} {ergonomic}
   size_t MaxNewSize                               = 5142216704                                {product} {ergonomic}
   size_t MinHeapDeltaBytes                        = 2097152                                   {product} {ergonomic}
    uintx NonNMethodCodeHeapSize                   = 5836300                                {pd product} {ergonomic}
    uintx NonProfiledCodeHeapSize                  = 122910970                              {pd product} {ergonomic}
    uintx ProfiledCodeHeapSize                     = 122910970                              {pd product} {ergonomic}
    uintx ReservedCodeCacheSize                    = 251658240                              {pd product} {ergonomic}
     bool SegmentedCodeCache                       = true                                      {product} {ergonomic}
     bool UseCompressedClassPointers               = true                                 {lp64_product} {ergonomic}
     bool UseCompressedOops                        = true                                 {lp64_product} {ergonomic}
     bool UseG1GC                                  = true                                      {product} {ergonomic}
     bool UseLargePagesIndividualAllocation        = false                                  {pd product} {ergonomic}

Logging:
Log output configuration:
 #0: stdout all=warning uptime,level,tags
 #1: stderr all=off uptime,level,tags

Environment Variables:
PATH=C:\Program Files (x86)\Common Files\Oracle\Java\javapath;C:\ProgramData\Oracle\Java\javapath;C:\Program Files (x86)\Intel\Intel(R) Management Engine Components\iCLS\;C:\Program Files\Intel\Intel(R) Management Engine Components\iCLS\;C:\Windows\system32;C:\Windows;C:\Windows\System32\Wbem;C:\Windows\System32\WindowsPowerShell\v1.0\;C:\Windows\System32\OpenSSH\;C:\Program Files\Intel\WiFi\bin\;C:\Program Files\Common Files\Intel\WirelessCommon\;C:\Program Files (x86)\Intel\Intel(R) Management Engine Components\DAL;C:\Program Files\Intel\Intel(R) Management Engine Components\DAL;C:\Program Files (x86)\NVIDIA Corporation\PhysX\Common;C:\Program Files\dotnet\;C:\Program Files\Microsoft SQL Server\130\Tools\Binn\;C:\Program Files\Microsoft SQL Server\Client SDK\ODBC\170\Tools\Binn\;C:\WINDOWS\system32;C:\WINDOWS;C:\WINDOWS\System32\Wbem;C:\WINDOWS\System32\WindowsPowerShell\v1.0\;C:\WINDOWS\System32\OpenSSH\;C:\Program Files (x86)\Microsoft SQL Server\150\Tools\Binn\;C:\Program Files\Microsoft SQL Server\150\Tools\Binn\;C:\Program Files\Microsoft SQL Server\150\DTS\Binn\;C:\Program Files (x86)\Microsoft SQL Server\150\DTS\Binn\;C:\Program Files\Microsoft SQL Server Migration Assistant for MySQL\bin\;C:\Program Files\NVIDIA Corporation\NVIDIA NvDLISR;C:\Users\PC\AppData\Local\Microsoft\WindowsApps;C:\Program Files\Intel\WiFi\bin\;C:\Program Files\Common Files\Intel\WirelessCommon\;
USERNAME=PC
OS=Windows_NT
PROCESSOR_IDENTIFIER=Intel64 Family 6 Model 158 Stepping 13, GenuineIntel



---------------  S Y S T E M  ---------------

OS: Windows 10 , 64 bit Build 18362 (10.0.18362.329)

CPU:total 8 (initial active 8) (8 cores per cpu, 1 threads per core) family 6 model 158 stepping 13, cmov, cx8, fxsr, mmx, sse, sse2, sse3, ssse3, sse4.1, sse4.2, popcnt, avx, avx2, aes, clmul, erms, rtm, 3dnowpref, lzcnt, tsc, tscinvbit, bmi1, bmi2, adx, fma

Memory: 4k page, system-wide physical 32702M (21927M free)
TotalPageFile size 37566M (AvailPageFile size 23906M)
current process WorkingSet (physical memory assigned to process): 105M, peak: 105M
current process commit charge ("private bytes"): 665M, peak: 670M

vm_info: Java HotSpot(TM) 64-Bit Server VM (12.0.2+10) for windows-amd64 JRE (12.0.2+10), built on Jul 16 2019 01:56:17 by "mach5one" with MS VC++ 15.5 (VS2017)

END.
